<?xml version="1.0" encoding="UTF-8"?>
<!-- Generated by org.testng.reporters.JUnitXMLReporter -->
<testsuite ignored="0" hostname="PRO" failures="0" tests="1" name="Test-0" time="10.738" errors="0" timestamp="2022-12-02T23:01:56 IST">
  <testcase classname="pramodpoojary.CrossBrowserTest" name="demoTest" time="10.693"/>
</testsuite> <!-- Test-0 -->
