<?xml version="1.0" encoding="UTF-8"?>
<!-- Generated by org.testng.reporters.JUnitXMLReporter -->
<testsuite ignored="0" hostname="PRO" failures="0" tests="1" name="Test-1" time="17.008" errors="0" timestamp="2022-12-02T23:02:03 IST">
  <testcase classname="pramodpoojary.CrossBrowserTest" name="demoTest" time="16.972"/>
</testsuite> <!-- Test-1 -->
