<?xml version="1.0" encoding="UTF-8"?>
<!-- Generated by org.testng.reporters.JUnitXMLReporter -->
<testsuite ignored="0" hostname="PRO" failures="0" tests="1" name="Test-2" time="19.499" errors="0" timestamp="2022-12-02T23:02:05 IST">
  <testcase classname="pramodpoojary.CrossBrowserTest" name="demoTest" time="19.463"/>
</testsuite> <!-- Test-2 -->
