<?xml version="1.0" encoding="UTF-8"?>
<!-- Generated by org.testng.reporters.JUnitReportReporter -->
<testsuite hostname="PRO" failures="0" tests="3" name="pramodpoojary.CrossBrowserTest" time="47.128" errors="0" timestamp="2022-12-02T23:02:05 IST" skipped="0">
  <testcase classname="pramodpoojary.CrossBrowserTest" name="demoTest" time="10.693"/>
  <system-out/>
  <testcase classname="pramodpoojary.CrossBrowserTest" name="demoTest" time="16.972"/>
  <system-out/>
  <testcase classname="pramodpoojary.CrossBrowserTest" name="demoTest" time="19.463"/>
  <system-out/>
</testsuite> <!-- pramodpoojary.CrossBrowserTest -->
